<?xml version="1.0" encoding="UTF-8"?>
<!-- Generated by org.testng.reporters.JUnitXMLReporter -->
<testsuite hostname="Matheus" ignored="0" name="Default test" tests="3" failures="0" timestamp="2020-11-08T21:35:33 BRT" time="126.981" errors="0">
  <testcase name="shouldNotContinueCheckoutWithAWrongCredentials" time="22.989" classname="compasso.automation.CheckoutTest"/>
  <testcase name="validCheckout" time="36.078" classname="compasso.automation.CheckoutTest"/>
  <testcase name="validCheckout" time="21.485" classname="compasso.automation.CheckoutTest"/>
</testsuite> <!-- Default test -->
