<?xml version="1.0" encoding="UTF-8"?>
<!-- Generated by org.testng.reporters.JUnitXMLReporter -->
<testsuite hostname="Matheus" ignored="0" name="Default test" tests="3" failures="0" timestamp="2020-11-09T18:35:18 BRT" time="85.655" errors="0">
  <testcase name="shouldNotContinueCheckoutWithAWrongCredentials" time="9.384" classname="compasso.automation.CheckoutTest"/>
  <testcase name="validCheckout" time="16.513" classname="compasso.automation.CheckoutTest"/>
  <testcase name="validCheckout" time="20.31" classname="compasso.automation.CheckoutTest"/>
</testsuite> <!-- Default test -->
