<?xml version="1.0" encoding="UTF-8"?>
<testng-results skipped="0" failed="0" ignored="0" total="3" passed="3">
  <reporter-output>
  </reporter-output>
  <suite name="Default suite" duration-ms="85655" started-at="2020-11-09T18:33:53 BRT" finished-at="2020-11-09T18:35:18 BRT">
    <groups>
    </groups>
    <test name="Default test" duration-ms="85655" started-at="2020-11-09T18:33:53 BRT" finished-at="2020-11-09T18:35:18 BRT">
      <class name="compasso.automation.CheckoutTest">
        <test-method status="PASS" signature="setUp()[pri:0, instance:compasso.automation.CheckoutTest@694e1548]" name="setUp" is-config="true" duration-ms="16386" started-at="2020-11-09T18:33:53 BRT" finished-at="2020-11-09T18:34:09 BRT">
          <reporter-output>
          </reporter-output>
        </test-method> <!-- setUp -->
        <test-method status="PASS" signature="shouldNotContinueCheckoutWithAWrongCredentials()[pri:0, instance:compasso.automation.CheckoutTest@694e1548]" name="shouldNotContinueCheckoutWithAWrongCredentials" duration-ms="9384" started-at="2020-11-09T18:34:09 BRT" finished-at="2020-11-09T18:34:19 BRT">
          <reporter-output>
          </reporter-output>
        </test-method> <!-- shouldNotContinueCheckoutWithAWrongCredentials -->
        <test-method status="PASS" signature="quit()[pri:0, instance:compasso.automation.CheckoutTest@694e1548]" name="quit" is-config="true" duration-ms="2366" started-at="2020-11-09T18:34:19 BRT" finished-at="2020-11-09T18:34:21 BRT">
          <reporter-output>
          </reporter-output>
        </test-method> <!-- quit -->
        <test-method status="PASS" signature="setUp()[pri:0, instance:compasso.automation.CheckoutTest@694e1548]" name="setUp" is-config="true" duration-ms="8366" started-at="2020-11-09T18:34:21 BRT" finished-at="2020-11-09T18:34:29 BRT">
          <reporter-output>
          </reporter-output>
        </test-method> <!-- setUp -->
        <test-method status="PASS" signature="validCheckout(java.lang.String, double, int)[pri:0, instance:compasso.automation.CheckoutTest@694e1548]" name="validCheckout" duration-ms="16513" started-at="2020-11-09T18:34:29 BRT" data-provider="BasicTest" finished-at="2020-11-09T18:34:46 BRT">
          <params>
            <param index="0">
              <value>
                <![CDATA[Faded Short Sleeve T-shirts]]>
              </value>
            </param>
            <param index="1">
              <value>
                <![CDATA[16.51]]>
              </value>
            </param>
            <param index="2">
              <value>
                <![CDATA[2]]>
              </value>
            </param>
          </params>
          <reporter-output>
          </reporter-output>
        </test-method> <!-- validCheckout -->
        <test-method status="PASS" signature="quit()[pri:0, instance:compasso.automation.CheckoutTest@694e1548]" name="quit" is-config="true" duration-ms="813" started-at="2020-11-09T18:34:46 BRT" finished-at="2020-11-09T18:34:47 BRT">
          <reporter-output>
          </reporter-output>
        </test-method> <!-- quit -->
        <test-method status="PASS" signature="setUp()[pri:0, instance:compasso.automation.CheckoutTest@694e1548]" name="setUp" is-config="true" duration-ms="10273" started-at="2020-11-09T18:34:47 BRT" finished-at="2020-11-09T18:34:57 BRT">
          <reporter-output>
          </reporter-output>
        </test-method> <!-- setUp -->
        <test-method status="PASS" signature="validCheckout(java.lang.String, double, int)[pri:0, instance:compasso.automation.CheckoutTest@694e1548]" name="validCheckout" duration-ms="20310" started-at="2020-11-09T18:34:57 BRT" data-provider="BasicTest" finished-at="2020-11-09T18:35:17 BRT">
          <params>
            <param index="0">
              <value>
                <![CDATA[Blouse]]>
              </value>
            </param>
            <param index="1">
              <value>
                <![CDATA[27.0]]>
              </value>
            </param>
            <param index="2">
              <value>
                <![CDATA[3]]>
              </value>
            </param>
          </params>
          <reporter-output>
          </reporter-output>
        </test-method> <!-- validCheckout -->
        <test-method status="PASS" signature="quit()[pri:0, instance:compasso.automation.CheckoutTest@694e1548]" name="quit" is-config="true" duration-ms="1088" started-at="2020-11-09T18:35:17 BRT" finished-at="2020-11-09T18:35:18 BRT">
          <reporter-output>
          </reporter-output>
        </test-method> <!-- quit -->
      </class> <!-- compasso.automation.CheckoutTest -->
    </test> <!-- Default test -->
  </suite> <!-- Default suite -->
</testng-results>
